<?xml version="1.0" encoding="UTF-8"?>
<testng-results skipped="0" failed="0" ignored="5" total="7" passed="2">
  <reporter-output>
  </reporter-output>
  <suite name="Suite" duration-ms="39590" started-at="2020-08-12T17:47:06 IST" finished-at="2020-08-12T17:47:45 IST">
    <groups>
    </groups>
    <test name="Test" duration-ms="39590" started-at="2020-08-12T17:47:06 IST" finished-at="2020-08-12T17:47:45 IST">
      <class name="com.mobileAutomation.MobileEmulatorAutomation">
        <test-method status="PASS" signature="launchApp()[pri:1, instance:com.mobileAutomation.MobileEmulatorAutomation@1d76aeea]" name="launchApp" duration-ms="36616" started-at="2020-08-12T17:47:06 IST" finished-at="2020-08-12T17:47:42 IST">
          <reporter-output>
          </reporter-output>
        </test-method> <!-- launchApp -->
        <test-method status="PASS" signature="CloseApp()[pri:3, instance:com.mobileAutomation.MobileEmulatorAutomation@1d76aeea]" name="CloseApp" duration-ms="953" started-at="2020-08-12T17:47:43 IST" finished-at="2020-08-12T17:47:44 IST">
          <reporter-output>
          </reporter-output>
        </test-method> <!-- CloseApp -->
      </class> <!-- com.mobileAutomation.MobileEmulatorAutomation -->
    </test> <!-- Test -->
  </suite> <!-- Suite -->
</testng-results>
